;  LST file generated by mikroListExporter - v.2.0 
; Date/Time: 1/24/2017 10:33:07 AM
;----------------------------------------------

;Address Opcode 	ASM
0x0000	0x2915      	GOTO       277
_interrupt:
0x0004	0x00FF      	MOVWF      R15
0x0005	0x0E03      	SWAPF      STATUS, 0
0x0006	0x0183      	CLRF       STATUS
0x0007	0x00B6      	MOVWF      ___saveSTATUS
0x0008	0x080A      	MOVF       PCLATH, 0
0x0009	0x00B7      	MOVWF      ___savePCLATH
0x000A	0x018A      	CLRF       PCLATH
;Lab w.c,43 :: 		void interrupt(){
;Lab w.c,44 :: 		if(INTCON.RBIF == 1) {
0x000B	0x1C0B      	BTFSS      INTCON, 0
0x000C	0x283C      	GOTO       L_interrupt0
;Lab w.c,45 :: 		INTCON.RBIF = 0;
0x000D	0x100B      	BCF        INTCON, 0
;Lab w.c,46 :: 		if(isButtonDown == 0) {
0x000E	0x3000      	MOVLW      0
0x000F	0x0633      	XORWF      _isButtonDown+1, 0
0x0010	0x1D03      	BTFSS      STATUS, 2
0x0011	0x2814      	GOTO       L__interrupt32
0x0012	0x3000      	MOVLW      0
0x0013	0x0632      	XORWF      _isButtonDown, 0
L__interrupt32:
0x0014	0x1D03      	BTFSS      STATUS, 2
0x0015	0x283A      	GOTO       L_interrupt1
;Lab w.c,47 :: 		isButtonDown = 1;
0x0016	0x3001      	MOVLW      1
0x0017	0x00B2      	MOVWF      _isButtonDown
0x0018	0x3000      	MOVLW      0
0x0019	0x00B3      	MOVWF      _isButtonDown+1
;Lab w.c,51 :: 		PORTC=fetchKeypadValue();
0x001A	0x2074      	CALL       _fetchKeypadValue
0x001B	0x0870      	MOVF       R0, 0
0x001C	0x0087      	MOVWF      PORTC
;Lab w.c,52 :: 		delay_ms(500);
0x001D	0x3006      	MOVLW      6
0x001E	0x00FB      	MOVWF      R11
0x001F	0x3013      	MOVLW      19
0x0020	0x00FC      	MOVWF      R12
0x0021	0x30AD      	MOVLW      173
0x0022	0x00FD      	MOVWF      R13
L_interrupt2:
0x0023	0x0BFD      	DECFSZ     R13, 1
0x0024	0x2823      	GOTO       L_interrupt2
0x0025	0x0BFC      	DECFSZ     R12, 1
0x0026	0x2823      	GOTO       L_interrupt2
0x0027	0x0BFB      	DECFSZ     R11, 1
0x0028	0x2823      	GOTO       L_interrupt2
0x0029	0x0000      	NOP
0x002A	0x0000      	NOP
;Lab w.c,53 :: 		PORTC=0b00000000;
0x002B	0x0187      	CLRF       PORTC
;Lab w.c,54 :: 		delay_ms(100);
0x002C	0x3002      	MOVLW      2
0x002D	0x00FB      	MOVWF      R11
0x002E	0x3004      	MOVLW      4
0x002F	0x00FC      	MOVWF      R12
0x0030	0x30BA      	MOVLW      186
0x0031	0x00FD      	MOVWF      R13
L_interrupt3:
0x0032	0x0BFD      	DECFSZ     R13, 1
0x0033	0x2832      	GOTO       L_interrupt3
0x0034	0x0BFC      	DECFSZ     R12, 1
0x0035	0x2832      	GOTO       L_interrupt3
0x0036	0x0BFB      	DECFSZ     R11, 1
0x0037	0x2832      	GOTO       L_interrupt3
0x0038	0x0000      	NOP
;Lab w.c,55 :: 		}
0x0039	0x283C      	GOTO       L_interrupt4
L_interrupt1:
;Lab w.c,56 :: 		else { isButtonDown = 0; }
0x003A	0x01B2      	CLRF       _isButtonDown
0x003B	0x01B3      	CLRF       _isButtonDown+1
L_interrupt4:
;Lab w.c,57 :: 		}
L_interrupt0:
;Lab w.c,59 :: 		}
L_end_interrupt:
L__interrupt31:
0x003C	0x0837      	MOVF       ___savePCLATH, 0
0x003D	0x008A      	MOVWF      PCLATH
0x003E	0x0E36      	SWAPF      ___saveSTATUS, 0
0x003F	0x0083      	MOVWF      STATUS
0x0040	0x0EFF      	SWAPF      R15, 1
0x0041	0x0E7F      	SWAPF      R15, 0
0x0042	0x0009      	RETFIE
; end of _interrupt
_____DoICP:
;__Lib_System.c,6 :: 		
;__Lib_System.c,9 :: 		
0x0043	0x1283      	BCF        STATUS, 5
0x0044	0x1303      	BCF        STATUS, 6
0x0045	0x0835      	MOVF       ___DoICPAddr+1, 0
0x0046	0x008A      	MOVWF      PCLATH
;__Lib_System.c,10 :: 		
0x0047	0x0834      	MOVF       ___DoICPAddr, 0
0x0048	0x0082      	MOVWF      PCL
;__Lib_System.c,12 :: 		
L_end_____DoICP:
0x0049	0x0008      	RETURN
; end of _____DoICP
___CC2DW:
;__Lib_System.c,134 :: 		
;__Lib_System.c,137 :: 		
_CC2D_Loop1:
;__Lib_System.c,139 :: 		
0x004A	0x2043      	CALL       _____DoICP
0x004B	0x118A      	BCF        PCLATH, 3
0x004C	0x120A      	BCF        PCLATH, 4
;__Lib_System.c,141 :: 		
0x004D	0x0080      	MOVWF      INDF
;__Lib_System.c,142 :: 		
0x004E	0x0A84      	INCF       FSR, 1
;__Lib_System.c,143 :: 		
0x004F	0x0AB4      	INCF       ___DoICPAddr, 1
;__Lib_System.c,145 :: 		
0x0050	0x1903      	BTFSC      STATUS, 2
;__Lib_System.c,146 :: 		
0x0051	0x0AB5      	INCF       ___DoICPAddr+1, 1
;__Lib_System.c,147 :: 		
0x0052	0x03F0      	DECF       R0, 1
;__Lib_System.c,149 :: 		
0x0053	0x1D03      	BTFSS      STATUS, 2
;__Lib_System.c,150 :: 		
0x0054	0x284A      	GOTO       _CC2D_Loop1
;__Lib_System.c,152 :: 		
L_end___CC2DW:
0x0055	0x0008      	RETURN
; end of ___CC2DW
_update:
;Lab w.c,61 :: 		void update(){
;Lab w.c,62 :: 		while(1){}
L_update5:
0x0056	0x2856      	GOTO       L_update5
;Lab w.c,63 :: 		}
L_end_update:
0x0057	0x0008      	RETURN
; end of _update
_initialize:
;Lab w.c,16 :: 		void initialize() {
;Lab w.c,18 :: 		OSCCON = 0b01110111;            // Oscillator 8 MHz (Oscillator control)
0x0058	0x3077      	MOVLW      119
0x0059	0x1683      	BSF        STATUS, 5
0x005A	0x1303      	BCF        STATUS, 6
0x005B	0x008F      	MOVWF      OSCCON
;Lab w.c,19 :: 		ANSEL = 0b00000000;             // No analog inputs
0x005C	0x1703      	BSF        STATUS, 6
0x005D	0x0188      	CLRF       ANSEL
;Lab w.c,20 :: 		ANSELH = 0b00000000;            // No analog inputs
0x005E	0x0189      	CLRF       ANSELH
;Lab w.c,22 :: 		TRISA = 0b00000000;
0x005F	0x1303      	BCF        STATUS, 6
0x0060	0x0185      	CLRF       TRISA
;Lab w.c,23 :: 		TRISB = 0b11100000;
0x0061	0x30E0      	MOVLW      224
0x0062	0x0086      	MOVWF      TRISB
;Lab w.c,24 :: 		TRISC = 0b00000000;
0x0063	0x0187      	CLRF       TRISC
;Lab w.c,25 :: 		PORTA = 0b00000000;
0x0064	0x1283      	BCF        STATUS, 5
0x0065	0x0185      	CLRF       PORTA
;Lab w.c,26 :: 		PORTB = 0b00000000;
0x0066	0x0186      	CLRF       PORTB
;Lab w.c,27 :: 		PORTC = 0b00000000;
0x0067	0x0187      	CLRF       PORTC
;Lab w.c,29 :: 		INTCON.GIE = 1;
0x0068	0x178B      	BSF        INTCON, 7
;Lab w.c,30 :: 		INTCON.RBIE = 1;
0x0069	0x158B      	BSF        INTCON, 3
;Lab w.c,31 :: 		INTCON.RBIF = 0;
0x006A	0x100B      	BCF        INTCON, 0
;Lab w.c,32 :: 		OPTION_REG.F7 = 0;
0x006B	0x1683      	BSF        STATUS, 5
0x006C	0x1381      	BCF        OPTION_REG, 7
;Lab w.c,34 :: 		IOCB.F5 = 1;
0x006D	0x1696      	BSF        IOCB, 5
;Lab w.c,35 :: 		IOCB.F6 = 1;
0x006E	0x1716      	BSF        IOCB, 6
;Lab w.c,36 :: 		IOCB.F7 = 1;
0x006F	0x1796      	BSF        IOCB, 7
;Lab w.c,38 :: 		WPUB.F5 = 1;
0x0070	0x1695      	BSF        WPUB, 5
;Lab w.c,39 :: 		WPUB.F6 = 1;
0x0071	0x1715      	BSF        WPUB, 6
;Lab w.c,40 :: 		WPUB.F7 = 1;
0x0072	0x1795      	BSF        WPUB, 7
;Lab w.c,41 :: 		}
L_end_initialize:
0x0073	0x0008      	RETURN
; end of _initialize
_fetchKeypadValue:
;Lab w.c,65 :: 		int fetchKeypadValue(){
;Lab w.c,77 :: 		for(i=0;i<4;i++){
0x0074	0x1283      	BCF        STATUS, 5
0x0075	0x1303      	BCF        STATUS, 6
0x0076	0x01F2      	CLRF       R2
0x0077	0x01F3      	CLRF       R2+1
L_fetchKeypadValue7:
0x0078	0x3080      	MOVLW      128
0x0079	0x0673      	XORWF      R2+1, 0
0x007A	0x00F0      	MOVWF      R0
0x007B	0x3080      	MOVLW      128
0x007C	0x0270      	SUBWF      R0, 0
0x007D	0x1D03      	BTFSS      STATUS, 2
0x007E	0x2881      	GOTO       L__fetchKeypadValue35
0x007F	0x3004      	MOVLW      4
0x0080	0x0272      	SUBWF      R2, 0
L__fetchKeypadValue35:
0x0081	0x1803      	BTFSC      STATUS, 0
0x0082	0x2910      	GOTO       L_fetchKeypadValue8
;Lab w.c,78 :: 		switch (i) {
0x0083	0x28EC      	GOTO       L_fetchKeypadValue10
;Lab w.c,79 :: 		case 1: PORTB.F3 = 0;
L_fetchKeypadValue12:
0x0084	0x1186      	BCF        PORTB, 3
;Lab w.c,80 :: 		PORTB.F2 = 1;
0x0085	0x1506      	BSF        PORTB, 2
;Lab w.c,81 :: 		PORTB.F1 = 1;
0x0086	0x1486      	BSF        PORTB, 1
;Lab w.c,82 :: 		PORTB.F0 = 1;
0x0087	0x1406      	BSF        PORTB, 0
;Lab w.c,84 :: 		if(PORTB.F5 == 0) { return send[0]; }  //inputValue[0][0];
0x0088	0x1A86      	BTFSC      PORTB, 5
0x0089	0x288F      	GOTO       L_fetchKeypadValue13
0x008A	0x0820      	MOVF       _send, 0
0x008B	0x00F0      	MOVWF      R0
0x008C	0x0821      	MOVF       _send+1, 0
0x008D	0x00F1      	MOVWF      R0+1
0x008E	0x2914      	GOTO       L_end_fetchKeypadValue
L_fetchKeypadValue13:
;Lab w.c,85 :: 		if(PORTB.F6 == 0) { return send[1]; }  //inputValue[0][1];
0x008F	0x1B06      	BTFSC      PORTB, 6
0x0090	0x2896      	GOTO       L_fetchKeypadValue14
0x0091	0x0822      	MOVF       _send+2, 0
0x0092	0x00F0      	MOVWF      R0
0x0093	0x0823      	MOVF       _send+3, 0
0x0094	0x00F1      	MOVWF      R0+1
0x0095	0x2914      	GOTO       L_end_fetchKeypadValue
L_fetchKeypadValue14:
;Lab w.c,86 :: 		if(PORTB.F7 == 0) { return send[2]; }  //inputValue[0][2];
0x0096	0x1B86      	BTFSC      PORTB, 7
0x0097	0x289D      	GOTO       L_fetchKeypadValue15
0x0098	0x0824      	MOVF       _send+4, 0
0x0099	0x00F0      	MOVWF      R0
0x009A	0x0825      	MOVF       _send+5, 0
0x009B	0x00F1      	MOVWF      R0+1
0x009C	0x2914      	GOTO       L_end_fetchKeypadValue
L_fetchKeypadValue15:
;Lab w.c,87 :: 		break;
0x009D	0x290C      	GOTO       L_fetchKeypadValue11
;Lab w.c,89 :: 		case 2: PORTB.F3 = 1;
L_fetchKeypadValue16:
0x009E	0x1586      	BSF        PORTB, 3
;Lab w.c,90 :: 		PORTB.F2 = 0;
0x009F	0x1106      	BCF        PORTB, 2
;Lab w.c,91 :: 		PORTB.F1 = 1;
0x00A0	0x1486      	BSF        PORTB, 1
;Lab w.c,92 :: 		PORTB.F0 = 1;
0x00A1	0x1406      	BSF        PORTB, 0
;Lab w.c,94 :: 		if(PORTB.F5 == 0) { return send[3]; }  //inputValue[1][0];
0x00A2	0x1A86      	BTFSC      PORTB, 5
0x00A3	0x28A9      	GOTO       L_fetchKeypadValue17
0x00A4	0x0826      	MOVF       _send+6, 0
0x00A5	0x00F0      	MOVWF      R0
0x00A6	0x0827      	MOVF       _send+7, 0
0x00A7	0x00F1      	MOVWF      R0+1
0x00A8	0x2914      	GOTO       L_end_fetchKeypadValue
L_fetchKeypadValue17:
;Lab w.c,95 :: 		if(PORTB.F6 == 0) { return send[4]; }  //inputValue[1][1];
0x00A9	0x1B06      	BTFSC      PORTB, 6
0x00AA	0x28B0      	GOTO       L_fetchKeypadValue18
0x00AB	0x0828      	MOVF       _send+8, 0
0x00AC	0x00F0      	MOVWF      R0
0x00AD	0x0829      	MOVF       _send+9, 0
0x00AE	0x00F1      	MOVWF      R0+1
0x00AF	0x2914      	GOTO       L_end_fetchKeypadValue
L_fetchKeypadValue18:
;Lab w.c,96 :: 		if(PORTB.F7 == 0) { return send[5]; }  //inputValue[1][2];
0x00B0	0x1B86      	BTFSC      PORTB, 7
0x00B1	0x28B7      	GOTO       L_fetchKeypadValue19
0x00B2	0x082A      	MOVF       _send+10, 0
0x00B3	0x00F0      	MOVWF      R0
0x00B4	0x082B      	MOVF       _send+11, 0
0x00B5	0x00F1      	MOVWF      R0+1
0x00B6	0x2914      	GOTO       L_end_fetchKeypadValue
L_fetchKeypadValue19:
;Lab w.c,97 :: 		break;
0x00B7	0x290C      	GOTO       L_fetchKeypadValue11
;Lab w.c,99 :: 		case 3: PORTB.F3 = 1;
L_fetchKeypadValue20:
0x00B8	0x1586      	BSF        PORTB, 3
;Lab w.c,100 :: 		PORTB.F2 = 1;
0x00B9	0x1506      	BSF        PORTB, 2
;Lab w.c,101 :: 		PORTB.F1 = 0;
0x00BA	0x1086      	BCF        PORTB, 1
;Lab w.c,102 :: 		PORTB.F0 = 1;
0x00BB	0x1406      	BSF        PORTB, 0
;Lab w.c,104 :: 		if(PORTB.F5 == 0) { return  send[6];}  //inputValue[2][0];
0x00BC	0x1A86      	BTFSC      PORTB, 5
0x00BD	0x28C3      	GOTO       L_fetchKeypadValue21
0x00BE	0x082C      	MOVF       _send+12, 0
0x00BF	0x00F0      	MOVWF      R0
0x00C0	0x082D      	MOVF       _send+13, 0
0x00C1	0x00F1      	MOVWF      R0+1
0x00C2	0x2914      	GOTO       L_end_fetchKeypadValue
L_fetchKeypadValue21:
;Lab w.c,105 :: 		if(PORTB.F6 == 0) { return  send[7];}  //inputValue[2][1];
0x00C3	0x1B06      	BTFSC      PORTB, 6
0x00C4	0x28CA      	GOTO       L_fetchKeypadValue22
0x00C5	0x082E      	MOVF       _send+14, 0
0x00C6	0x00F0      	MOVWF      R0
0x00C7	0x082F      	MOVF       _send+15, 0
0x00C8	0x00F1      	MOVWF      R0+1
0x00C9	0x2914      	GOTO       L_end_fetchKeypadValue
L_fetchKeypadValue22:
;Lab w.c,106 :: 		if(PORTB.F7 == 0) { return  send[8];}  //inputValue[2][2];
0x00CA	0x1B86      	BTFSC      PORTB, 7
0x00CB	0x28D1      	GOTO       L_fetchKeypadValue23
0x00CC	0x0830      	MOVF       _send+16, 0
0x00CD	0x00F0      	MOVWF      R0
0x00CE	0x0831      	MOVF       _send+17, 0
0x00CF	0x00F1      	MOVWF      R0+1
0x00D0	0x2914      	GOTO       L_end_fetchKeypadValue
L_fetchKeypadValue23:
;Lab w.c,107 :: 		break;
0x00D1	0x290C      	GOTO       L_fetchKeypadValue11
;Lab w.c,109 :: 		case 4: PORTB.F3 = 1;
L_fetchKeypadValue24:
0x00D2	0x1586      	BSF        PORTB, 3
;Lab w.c,110 :: 		PORTB.F2 = 1;
0x00D3	0x1506      	BSF        PORTB, 2
;Lab w.c,111 :: 		PORTB.F1 = 1;
0x00D4	0x1486      	BSF        PORTB, 1
;Lab w.c,112 :: 		PORTB.F0 = 0;
0x00D5	0x1006      	BCF        PORTB, 0
;Lab w.c,114 :: 		if(PORTB.F5 == 0) { return  send[9];}  //inputValue[3][0];
0x00D6	0x1A86      	BTFSC      PORTB, 5
0x00D7	0x28DD      	GOTO       L_fetchKeypadValue25
0x00D8	0x0832      	MOVF       _send+18, 0
0x00D9	0x00F0      	MOVWF      R0
0x00DA	0x0833      	MOVF       _send+19, 0
0x00DB	0x00F1      	MOVWF      R0+1
0x00DC	0x2914      	GOTO       L_end_fetchKeypadValue
L_fetchKeypadValue25:
;Lab w.c,115 :: 		if(PORTB.F6 == 0) { return  send[10];}  //inputValue[3][1];
0x00DD	0x1B06      	BTFSC      PORTB, 6
0x00DE	0x28E4      	GOTO       L_fetchKeypadValue26
0x00DF	0x0834      	MOVF       _send+20, 0
0x00E0	0x00F0      	MOVWF      R0
0x00E1	0x0835      	MOVF       _send+21, 0
0x00E2	0x00F1      	MOVWF      R0+1
0x00E3	0x2914      	GOTO       L_end_fetchKeypadValue
L_fetchKeypadValue26:
;Lab w.c,116 :: 		if(PORTB.F7 == 0) { return  send[11];}  //inputValue[3][2];
0x00E4	0x1B86      	BTFSC      PORTB, 7
0x00E5	0x28EB      	GOTO       L_fetchKeypadValue27
0x00E6	0x0836      	MOVF       _send+22, 0
0x00E7	0x00F0      	MOVWF      R0
0x00E8	0x0837      	MOVF       _send+23, 0
0x00E9	0x00F1      	MOVWF      R0+1
0x00EA	0x2914      	GOTO       L_end_fetchKeypadValue
L_fetchKeypadValue27:
;Lab w.c,117 :: 		break;
0x00EB	0x290C      	GOTO       L_fetchKeypadValue11
;Lab w.c,118 :: 		}
L_fetchKeypadValue10:
0x00EC	0x3000      	MOVLW      0
0x00ED	0x0673      	XORWF      R2+1, 0
0x00EE	0x1D03      	BTFSS      STATUS, 2
0x00EF	0x28F2      	GOTO       L__fetchKeypadValue36
0x00F0	0x3001      	MOVLW      1
0x00F1	0x0672      	XORWF      R2, 0
L__fetchKeypadValue36:
0x00F2	0x1903      	BTFSC      STATUS, 2
0x00F3	0x2884      	GOTO       L_fetchKeypadValue12
0x00F4	0x3000      	MOVLW      0
0x00F5	0x0673      	XORWF      R2+1, 0
0x00F6	0x1D03      	BTFSS      STATUS, 2
0x00F7	0x28FA      	GOTO       L__fetchKeypadValue37
0x00F8	0x3002      	MOVLW      2
0x00F9	0x0672      	XORWF      R2, 0
L__fetchKeypadValue37:
0x00FA	0x1903      	BTFSC      STATUS, 2
0x00FB	0x289E      	GOTO       L_fetchKeypadValue16
0x00FC	0x3000      	MOVLW      0
0x00FD	0x0673      	XORWF      R2+1, 0
0x00FE	0x1D03      	BTFSS      STATUS, 2
0x00FF	0x2902      	GOTO       L__fetchKeypadValue38
0x0100	0x3003      	MOVLW      3
0x0101	0x0672      	XORWF      R2, 0
L__fetchKeypadValue38:
0x0102	0x1903      	BTFSC      STATUS, 2
0x0103	0x28B8      	GOTO       L_fetchKeypadValue20
0x0104	0x3000      	MOVLW      0
0x0105	0x0673      	XORWF      R2+1, 0
0x0106	0x1D03      	BTFSS      STATUS, 2
0x0107	0x290A      	GOTO       L__fetchKeypadValue39
0x0108	0x3004      	MOVLW      4
0x0109	0x0672      	XORWF      R2, 0
L__fetchKeypadValue39:
0x010A	0x1903      	BTFSC      STATUS, 2
0x010B	0x28D2      	GOTO       L_fetchKeypadValue24
L_fetchKeypadValue11:
;Lab w.c,77 :: 		for(i=0;i<4;i++){
0x010C	0x0AF2      	INCF       R2, 1
0x010D	0x1903      	BTFSC      STATUS, 2
0x010E	0x0AF3      	INCF       R2+1, 1
;Lab w.c,119 :: 		}
0x010F	0x2878      	GOTO       L_fetchKeypadValue7
L_fetchKeypadValue8:
;Lab w.c,165 :: 		return -1;
0x0110	0x30FF      	MOVLW      255
0x0111	0x00F0      	MOVWF      R0
0x0112	0x30FF      	MOVLW      255
0x0113	0x00F1      	MOVWF      R0+1
;Lab w.c,166 :: 		}
L_end_fetchKeypadValue:
0x0114	0x0008      	RETURN
; end of _fetchKeypadValue
_main:
0x0115	0x1283      	BCF        STATUS, 5
0x0116	0x1303      	BCF        STATUS, 6
0x0117	0x01A0      	CLRF       _send
0x0118	0x01A1      	CLRF       33
0x0119	0x3010      	MOVLW      16
0x011A	0x00A2      	MOVWF      34
0x011B	0x01A3      	CLRF       35
0x011C	0x3020      	MOVLW      32
0x011D	0x00A4      	MOVWF      36
0x011E	0x01A5      	CLRF       37
0x011F	0x3030      	MOVLW      48
0x0120	0x00A6      	MOVWF      38
0x0121	0x01A7      	CLRF       39
0x0122	0x3040      	MOVLW      64
0x0123	0x00A8      	MOVWF      40
0x0124	0x01A9      	CLRF       41
0x0125	0x3050      	MOVLW      80
0x0126	0x00AA      	MOVWF      42
0x0127	0x01AB      	CLRF       43
0x0128	0x3070      	MOVLW      112
0x0129	0x00AC      	MOVWF      44
0x012A	0x01AD      	CLRF       45
0x012B	0x3080      	MOVLW      128
0x012C	0x00AE      	MOVWF      46
0x012D	0x01AF      	CLRF       47
0x012E	0x3090      	MOVLW      144
0x012F	0x00B0      	MOVWF      48
0x0130	0x01B1      	CLRF       49
0x0131	0x01B2      	CLRF       _isButtonDown
0x0132	0x01B3      	CLRF       51
;Lab w.c,11 :: 		void main() {
;Lab w.c,12 :: 		initialize();
0x0133	0x2058      	CALL       _initialize
;Lab w.c,13 :: 		update();
0x0134	0x2056      	CALL       _update
;Lab w.c,14 :: 		}
L_end_main:
0x0135	0x2935      	GOTO       $+0
; end of _main
Symbol List:
//** Routines locations **
//ADDRESS    SIZE    PROCEDURE
//----------------------------------------------
0x0004      [63]    _interrupt
0x0043       [7]    _____DoICP
0x004A      [12]    ___CC2DW
0x0056       [2]    _update
0x0058      [28]    _initialize
0x0074     [161]    _fetchKeypadValue
0x0115      [33]    _main
//** Variables locations ** 
//ADDRESS    SIZE    VARIABLE
//----------------------------------------------
0x0000       [1]    INDF
0x0002       [1]    PCL
0x0003       [1]    STATUS
0x0004       [1]    FSR
0x0005       [1]    PORTA
0x0006       [1]    PORTB
0x0007       [1]    PORTC
0x000A       [1]    PCLATH
0x000B       [1]    INTCON
0x0020      [18]    _send
0x0032       [2]    _isButtonDown
0x0034       [2]    ___DoICPAddr
0x0036       [1]    ___saveSTATUS
0x0037       [1]    ___savePCLATH
0x0070       [1]    R0
0x0071       [1]    R1
0x0072       [1]    R2
0x0073       [1]    R3
0x0074       [1]    R4
0x0075       [1]    R5
0x0076       [1]    R6
0x0077       [1]    R7
0x0078       [1]    R8
0x0079       [1]    R9
0x007A       [1]    R10
0x007B       [1]    R11
0x007C       [1]    R12
0x007D       [1]    R13
0x007E       [1]    R14
0x007F       [1]    R15
0x0081       [1]    OPTION_REG
0x0085       [1]    TRISA
0x0086       [1]    TRISB
0x0087       [1]    TRISC
0x008F       [1]    OSCCON
0x0095       [1]    WPUB
0x0096       [1]    IOCB
0x0188       [1]    ANSEL
0x0189       [1]    ANSELH
//** Label List: ** 
//----------------------------------------------
  L_interrupt0
  L_interrupt1
  L_interrupt2
  L_interrupt3
  L_interrupt4
  L_update5
  L_update6
  L_fetchKeypadValue7
  L_fetchKeypadValue8
  L_fetchKeypadValue9
  L_fetchKeypadValue10
  L_fetchKeypadValue11
  L_fetchKeypadValue12
  L_fetchKeypadValue13
  L_fetchKeypadValue14
  L_fetchKeypadValue15
  L_fetchKeypadValue16
  L_fetchKeypadValue17
  L_fetchKeypadValue18
  L_fetchKeypadValue19
  L_fetchKeypadValue20
  L_fetchKeypadValue21
  L_fetchKeypadValue22
  L_fetchKeypadValue23
  L_fetchKeypadValue24
  L_fetchKeypadValue25
  L_fetchKeypadValue26
  L_fetchKeypadValue27
  L_end_main
  _main
  L_end_initialize
  _initialize
  L_end_interrupt
  _interrupt
  L__interrupt31
  L__interrupt32
  L_end_update
  _update
  L_end_fetchKeypadValue
  _fetchKeypadValue
  L__fetchKeypadValue35
  L__fetchKeypadValue36
  L__fetchKeypadValue37
  L__fetchKeypadValue38
  L__fetchKeypadValue39
  L_loopCA2AWs
  L_CA2AWend
  _CCA2AW_Loop1
  L_loopCS2Ss
  L_CS2Send
  _CCS2S_Loop1
  L_CCS2Send
  L_loopFZinSWs
  L_FZinSend
  _CC2D_Loop1
  L_end_____DoICP
  _____DoICP
  L_end_____DoIFC
  _____DoIFC
  L_end___CA2AW
  ___CA2AW
  L_end___CCA2AW
  ___CCA2AW
  L_end___CS2S
  ___CS2S
  L_end___CCS2S
  ___CCS2S
  L_end___FZinS
  ___FZinS
  L_end___CC2DW
  ___CC2DW
  L_end_Swap
  _Swap
  L_interrupt0
  L_interrupt1
  L_interrupt2
  L_interrupt3
  L_interrupt4
  L_update5
  L_update6
  L_fetchKeypadValue7
  L_fetchKeypadValue8
  L_fetchKeypadValue9
  L_fetchKeypadValue10
  L_fetchKeypadValue11
  L_fetchKeypadValue12
  L_fetchKeypadValue13
  L_fetchKeypadValue14
  L_fetchKeypadValue15
  L_fetchKeypadValue16
  L_fetchKeypadValue17
  L_fetchKeypadValue18
  L_fetchKeypadValue19
  L_fetchKeypadValue20
  L_fetchKeypadValue21
  L_fetchKeypadValue22
  L_fetchKeypadValue23
  L_fetchKeypadValue24
  L_fetchKeypadValue25
  L_fetchKeypadValue26
  L_fetchKeypadValue27
  L_end_main
  _main
  L_end_initialize
  _initialize
  L_end_interrupt
  _interrupt
  L__interrupt31
  L__interrupt32
  L_end_update
  _update
  L_end_fetchKeypadValue
  _fetchKeypadValue
  L__fetchKeypadValue35
  L__fetchKeypadValue36
  L__fetchKeypadValue37
  L__fetchKeypadValue38
  L__fetchKeypadValue39
